=== Scilab session started 2026-03-21T03:38:25.148Z ===
Scilab 2026.0.1 (Feb  5 2026, 09:39:52)
  "[XcosAI][1673] Starting poll loop on port 8000..."
  "[XcosAI][1673] Press Ctrl+C in Scilab console to stop."
  "[XcosAI][1673] Connection Error [999]: http_get: CURL execution failed."
  "[XcosAI][1673] Connection Error [999]: Could not connect to server"    
  "[XcosAI][1673] Retrying in 5s..."
  "[XcosAI][1673] Connection Error [999]: http_get: CURL execution failed."
  "[XcosAI][1673] Connection Error [999]: Could not connect to server"    
  "[XcosAI][1673] Retrying in 5s..."
  "[XcosAI][1673] Connection Error [999]: http_get: CURL execution failed."
  "[XcosAI][1673] Connection Error [999]: Could not connect to server"    
  "[XcosAI][1673] Retrying in 5s..."
  "[XcosAI][1673] Connection Error [999]: http_get: CURL execution failed."
  "[XcosAI][1673] Connection Error [999]: Could not connect to server"    
  "[XcosAI][1673] Retrying in 5s..."
  "[XcosAI][1673] Connection Error [999]: http_get: CURL execution failed."
  "[XcosAI][1673] Connection Error [999]: Could not connect to server"    
  "[XcosAI][1673] Retrying in 5s..."
  "[XcosAI][1673] Connection Error [999]: http_get: CURL execution failed."
  "[XcosAI][1673] Connection Error [999]: Could not connect to server"    
  "[XcosAI][1673] Retrying in 5s..."
  "[XcosAI][1673] Connection Error [999]: http_get: CURL execution failed."
  "[XcosAI][1673] Connection Error [999]: Could not connect to server"    
  "[XcosAI][1673] Retrying in 5s..."
  "[XcosAI][1673] Connection Error [999]: http_get: CURL execution failed."
  "[XcosAI][1673] Connection Error [999]: Could not connect to server"    
  "[XcosAI][1673] Retrying in 5s..."
  "[XcosAI][1673] Connection Error [999]: http_get: CURL execution failed."
  "[XcosAI][1673] Connection Error [999]: Could not connect to server"    
  "[XcosAI][1673] Retrying in 5s..."
  "[XcosAI][1673] Connection Error [999]: http_get: CURL execution failed."
  "[XcosAI][1673] Connection Error [999]: Could not connect to server"    
  "[XcosAI][1673] Retrying in 5s..."
  "[XcosAI][1673] Connection Error [999]: http_get: CURL execution failed."
  "[XcosAI][1673] Connection Error [999]: Could not connect to server"    
  "[XcosAI][1673] Retrying in 5s..."
  "[XcosAI][1673] Connection Error [999]: http_get: CURL execution failed."
  "[XcosAI][1673] Connection Error [999]: Could not connect to server"    
  "[XcosAI][1673] Retrying in 5s..."
  "[XcosAI][1673] Connection Error [999]: http_get: CURL execution failed."
  "[XcosAI][1673] Connection Error [999]: Could not connect to server"    
  "[XcosAI][1673] Retrying in 5s..."
  "[XcosAI][1673] Connection Error [999]: http_get: CURL execution failed."
  "[XcosAI][1673] Connection Error [999]: Could not connect to server"    
  "[XcosAI][1673] Retrying in 5s..."
  "[XcosAI][1673] Connection Error [999]: http_get: CURL execution failed."
  "[XcosAI][1673] Connection Error [999]: Could not connect to server"    
  "[XcosAI][1673] Retrying in 5s..."
  "[XcosAI][1673] Connection Error [999]: http_get: CURL execution failed."
  "[XcosAI][1673] Connection Error [999]: Could not connect to server"    
  "[XcosAI][1673] Retrying in 5s..."
  "[XcosAI][1673] Connection Error [999]: http_get: CURL execution failed."
  "[XcosAI][1673] Connection Error [999]: Could not connect to server"    
  "[XcosAI][1673] Retrying in 5s..."
  "[XcosAI][1673] Connection Error [999]: http_get: CURL execution failed."
  "[XcosAI][1673] Connection Error [999]: Could not connect to server"    
  "[XcosAI][1673] Retrying in 5s..."
  "[XcosAI][1673] Connection Error [999]: http_get: CURL execution failed."
  "[XcosAI][1673] Connection Error [999]: Could not connect to server"    
  "[XcosAI][1673] Retrying in 5s..."
  "[XcosAI][1673] Connection Error [999]: http_get: CURL execution failed."
  "[XcosAI][1673] Connection Error [999]: Could not connect to server"    
  "[XcosAI][1673] Retrying in 5s..."
  "[XcosAI][1673] Connection Error [999]: http_get: CURL execution failed."
  "[XcosAI][1673] Connection Error [999]: Could not connect to server"    
  "[XcosAI][1673] Retrying in 5s..."
  "[XcosAI][1673] Connection Error [999]: http_get: CURL execution failed."
  "[XcosAI][1673] Connection Error [999]: Could not connect to server"    
  "[XcosAI][1673] Retrying in 5s..."
  "[XcosAI][1673] Connection Error [999]: http_get: CURL execution failed."
  "[XcosAI][1673] Connection Error [999]: Could not connect to server"    
  "[XcosAI][1673] Retrying in 5s..."
  "[XcosAI][1673] Connection Error [999]: http_get: CURL execution failed."
  "[XcosAI][1673] Connection Error [999]: Could not connect to server"    
  "[XcosAI][1673] Retrying in 5s..."
  "[XcosAI][1673] Connection Error [999]: http_get: CURL execution failed."
  "[XcosAI][1673] Connection Error [999]: Could not connect to server"    
  "[XcosAI][1673] Retrying in 5s..."
  "[XcosAI][1673] Connection Error [999]: http_get: CURL execution failed."
  "[XcosAI][1673] Connection Error [999]: Could not connect to server"    
  "[XcosAI][1673] Retrying in 5s..."
  "[XcosAI][1673] Connection Error [999]: http_get: CURL execution failed."
  "[XcosAI][1673] Connection Error [999]: Could not connect to server"    
  "[XcosAI][1673] Retrying in 5s..."
  "[XcosAI][1673] Connection Error [999]: http_get: CURL execution failed."
  "[XcosAI][1673] Connection Error [999]: Could not connect to server"    
  "[XcosAI][1673] Retrying in 5s..."
  "[XcosAI][1673] Connection Error [999]: http_get: CURL execution failed."
  "[XcosAI][1673] Connection Error [999]: Could not connect to server"    
  "[XcosAI][1673] Retrying in 5s..."
  "[XcosAI][1673] Connection Error [999]: http_get: CURL execution failed."
  "[XcosAI][1673] Connection Error [999]: Could not connect to server"    
  "[XcosAI][1673] Retrying in 5s..."
  "[XcosAI][1673] Connection Error [999]: http_get: CURL execution failed."
  "[XcosAI][1673] Connection Error [999]: Could not connect to server"    
  "[XcosAI][1673] Retrying in 5s..."
  "[XcosAI][1673] Connection Error [999]: http_get: CURL execution failed."
  "[XcosAI][1673] Connection Error [999]: Could not connect to server"    
  "[XcosAI][1673] Retrying in 5s..."
  "[XcosAI][1673] Connection Error [999]: http_get: CURL execution failed."
  "[XcosAI][1673] Connection Error [999]: Could not connect to server"    
  "[XcosAI][1673] Retrying in 5s..."
  "[XcosAI][1673] Connection Error [999]: http_get: CURL execution failed."
  "[XcosAI][1673] Connection Error [999]: Could not connect to server"    
  "[XcosAI][1673] Retrying in 5s..."
  "[XcosAI][1673] Connection Error [999]: http_get: CURL execution failed."
  "[XcosAI][1673] Connection Error [999]: Could not connect to server"    
  "[XcosAI][1673] Retrying in 5s..."
  "[XcosAI][1673] Connection Error [999]: http_get: CURL execution failed."
  "[XcosAI][1673] Connection Error [999]: Could not connect to server"    
  "[XcosAI][1673] Retrying in 5s..."
  "[XcosAI][1673] Connection Error [999]: http_get: CURL execution failed."
  "[XcosAI][1673] Connection Error [999]: Could not connect to server"    
  "[XcosAI][1673] Retrying in 5s..."
  "[XcosAI][1673] Connection Error [999]: http_get: CURL execution failed."
  "[XcosAI][1673] Connection Error [999]: Could not connect to server"    
  "[XcosAI][1673] Retrying in 5s..."
  "[XcosAI][1673] Connection Error [999]: http_get: CURL execution failed."
  "[XcosAI][1673] Connection Error [999]: Could not connect to server"    
  "[XcosAI][1673] Retrying in 5s..."
  "[XcosAI][1673] Connection Error [999]: http_get: CURL execution failed."
  "[XcosAI][1673] Connection Error [999]: Could not connect to server"    
  "[XcosAI][1673] Retrying in 5s..."
  "[XcosAI][1673] Connection Error [999]: http_get: CURL execution failed."
  "[XcosAI][1673] Connection Error [999]: Could not connect to server"    
  "[XcosAI][1673] Retrying in 5s..."
  "[XcosAI][1673] Connection Error [999]: http_get: CURL execution failed."
  "[XcosAI][1673] Connection Error [999]: Could not connect to server"    
  "[XcosAI][1673] Retrying in 5s..."
  "[XcosAI][1673] Connection Error [999]: http_get: CURL execution failed."
  "[XcosAI][1673] Connection Error [999]: Could not connect to server"    
  "[XcosAI][1673] Retrying in 5sforrtl: error (200): program aborting due to window-CLOSE event
Initialization of symbol handler failed. Error code %d:87
..."
  "[XcosAI][1673] Connection Error [999]: http_get: CURL execution failed."
  "[XcosAI][1673] Connection Error [999]: Could not connect to server"    
  "[XcosAI][1673] Retrying in 5s..."
  "[XcosAI][1673] Connection Error [999]: http_get: CURL execution failed."
  "[XcosAI][1673] Connection Error [999]: Could not connect to server"    
  "[XcosAI][1673] Retrying in 5s..."
  "[XcosAI][1673] Connection Error [999]: http_get: CURL execution failed."
  "[XcosAI][1673] Connection Error [999]: Could not connect to server"    
  "[XcosAI][1673] Retrying in 5s..."
  "[XcosAI][1673] Connection Error [999]: http_get: CURL execution failed."
  "[XcosAI][1673] Connection Error [999]: Could not connect to server"    
  "[XcosAI][1673] Retrying in 5s..."
  "[XcosAI][1673] Connection Error [999]: http_get: CURL execution failed."
  "[XcosAI][1673] Connection Error [999]: Could not connect to server"    
  "[XcosAI][1673] Retrying in 5s..."
  "[XcosAI][1673] Connection Error [999]: http_get: CURL execution failed."
  "[XcosAI][1673] Connection Error [999]: Could not connect to server"    
  "[XcosAI][1673] Retrying in 5s..."
  "[XcosAI][1673] Connection Error [999]: http_get: CURL execution failed."
  "[XcosAI][1673] Connection Error [999]: Could not connect to server"    
  "[XcosAI][1673] Retrying in 5s..."
  "[XcosAI][1673] Connection Error [999]: http_get: CURL execution failed."
  "[XcosAI][1673] Connection Error [999]: Could not connect to server"    
  "[XcosAI][1673] Retrying in 5s..."
  "[XcosAI][1673] Connection Error [999]: http_get: CURL execution failed."
  "[XcosAI][1673] Connection Error [999]: Could not connect to server"    
  "[XcosAI][1673] Retrying in 5s..."
  "[XcosAI][1673] Connection Error [999]: http_get: CURL execution failed."
  "[XcosAI][1673] Connection Error [999]: Could not connect to server"    
  "[XcosAI][1673] Retrying in 5s..."
  "[XcosAI][1673] Connection Error [999]: http_get: CURL execution failed."
  "[XcosAI][1673] Connection Error [999]: Could not connect to server"    
  "[XcosAI][1673] Retrying in 5s..."
  "[XcosAI][1673] Connection Error [999]: http_get: CURL execution failed."
  "[XcosAI][1673] Connection Error [999]: Could not connect to server"    
  "[XcosAI][1673] Retrying in 5s..."
  "[XcosAI][1673] Connection Error [999]: http_get: CURL execution failed."
  "[XcosAI][1673] Connection Error [999]: Could not connect to server"    
  "[XcosAI][1673] Retrying in 5s..."
  "[XcosAI][1673] Connection Error [999]: http_get: CURL execution failed."
  "[XcosAI][1673] Connection Error [999]: Failure when receiving data from the peer"
  "[XcosAI][1673] Retrying in 5s..."
  "[XcosAI][1673] Connection Error [999]: http_get: CURL execution failed."
  "[XcosAI][1673] Connection Error [999]: Could not connect to server"    
  "[XcosAI][1673] Retrying in 5s..."
  "[XcosAI][1673] Connection Error [999]: http_get: CURL execution failed."
  "[XcosAI][1673] Connection Error [999]: Could not connect to server"    
  "[XcosAI][1673] Retrying in 5s..."

=== Scilab exited with code 2 ===
